/cluster/home/yhkuo/.conda/envs/compAstro/bin/python
N=20_m1=1e-05_m2=1e-05
(44.13189891262889+6.3279838006724e-14j)
Progress: 0/30
Time used: 171.6162269115448 sec
peak memory: 0.133976 MB
(43.88193855521295+5.2250516673924584e-14j)
Progress: 1/30
Time used: 172.04729676246643 sec
peak memory: 0.134176 MB
(43.632003907673166-6.12861976373219e-15j)
Progress: 2/30
Time used: 165.18703246116638 sec
peak memory: 0.134272 MB
(43.382111636299314+3.209365534614076e-16j)
Progress: 3/30
Time used: 171.27152299880981 sec
peak memory: 0.134388 MB
(43.13228919821632-1.1587050580705404e-14j)
Progress: 4/30
Time used: 172.46449828147888 sec
peak memory: 0.134388 MB
(42.8825818055429-1.545862077253274e-14j)
Progress: 5/30
Time used: 174.0064673423767 sec
peak memory: 0.134388 MB
(42.6330638458016-2.5909550105593465e-14j)
Progress: 6/30
Time used: 168.90611147880554 sec
peak memory: 0.13440000000000002 MB
(42.38385754413414-7.730309948520654e-15j)
Progress: 7/30
Time used: 144.59185338020325 sec
peak memory: 0.13440000000000002 MB
(42.13516328194319+8.485006603230176e-15j)
Progress: 8/30
Time used: 140.3507261276245 sec
peak memory: 0.13440000000000002 MB
(41.887308375205905-1.4925440121374928e-16j)
Progress: 9/30
Time used: 174.70377802848816 sec
peak memory: 0.13440000000000002 MB
(41.640824276433314-3.3978910548777706e-17j)
Progress: 10/30
Time used: 155.1241216659546 sec
peak memory: 0.13440000000000002 MB
(41.39656539243692-1.1097741226290659e-15j)
Progress: 11/30
Time used: 177.03652572631836 sec
peak memory: 0.13440000000000002 MB
(41.15588318758395-2.456597469164351e-16j)
Progress: 12/30
Time used: 174.08065128326416 sec
peak memory: 0.13440000000000002 MB
(40.920859048348916+7.461601997870158e-16j)
Progress: 13/30
Time used: 175.93754601478577 sec
peak memory: 0.13440000000000002 MB
(40.69456089524475+1.3919104138044297e-16j)
Progress: 14/30
Time used: 175.08972835540771 sec
peak memory: 0.13440000000000002 MB
(40.48119311833607+1.4294551042912829e-15j)
Progress: 15/30
Time used: 175.69615578651428 sec
peak memory: 0.13440000000000002 MB
(40.28583732306663+1.2671617733203708e-16j)
Progress: 16/30
Time used: 174.60843205451965 sec
peak memory: 0.13440000000000002 MB
(40.11328194545999-1.0356288002437006e-16j)
Progress: 17/30
Time used: 174.40542101860046 sec
peak memory: 0.13440000000000002 MB
(39.965347701843584+3.5143600883171724e-16j)
Progress: 18/30
Time used: 168.80462408065796 sec
peak memory: 0.13440000000000002 MB
(39.8360660151202-2.0603033945619396e-16j)
Progress: 19/30
Time used: 175.80082201957703 sec
peak memory: 0.13440000000000002 MB
(39.7040104351607+8.563374572670366e-17j)
Progress: 20/30
Time used: 172.95773100852966 sec
peak memory: 0.13440000000000002 MB
(39.52735515023919+9.683854768777163e-16j)
Progress: 21/30
Time used: 175.11634707450867 sec
peak memory: 0.13440000000000002 MB
(39.264772608497545-6.931354349953703e-16j)
Progress: 22/30
Time used: 174.30794644355774 sec
peak memory: 0.13440000000000002 MB
(38.91553787538005-2.533633626973721e-16j)
Progress: 23/30
Time used: 175.2252321243286 sec
peak memory: 0.13440000000000002 MB
(38.55402525525574+1.1953492125571588e-16j)
Progress: 24/30
Time used: 176.18589878082275 sec
peak memory: 0.13440000000000002 MB
(38.30952502010951+3.2207992884029776e-16j)
Progress: 25/30
Time used: 164.92725348472595 sec
peak memory: 0.13440000000000002 MB
(38.216178552217194+1.4606769400200026e-15j)
Progress: 26/30
Time used: 174.21671438217163 sec
peak memory: 0.13440000000000002 MB
(38.1949954287484+2.7887340373110926e-15j)
Progress: 27/30
Time used: 171.39408087730408 sec
peak memory: 0.13440000000000002 MB
(38.191453176876564-1.6794114502509228e-15j)
Progress: 28/30
Time used: 172.53298139572144 sec
peak memory: 0.13440000000000002 MB
(38.19093393501353+5.842538707504475e-15j)
Progress: 29/30
Time used: 170.9648473262787 sec
peak memory: 0.13441999999999998 MB
/cluster/home/yhkuo/.conda/envs/compAstro/lib/python3.9/site-packages/numpy/lib/function_base.py:486: ComplexWarning: Casting complex values to real discards the imaginary part
  a = asarray(a, dtype=dtype, order=order)
/cluster/home/yhkuo/.conda/envs/compAstro/lib/python3.9/site-packages/matplotlib/collections.py:196: ComplexWarning: Casting complex values to real discards the imaginary part
  offsets = np.asanyarray(offsets, float)
/cluster/home/yhkuo/Computational-Astrophysics-2022/Final_project/Pseudo_Entropy/QMulti2D.py:305: UserWarning: Matplotlib is currently using agg, which is a non-GUI backend, so cannot show the figure.
  plt.show()
(38.19086155665714-3.9259075812037784e-15j)
Progress: 30/30
Time used: 138.41962218284607 sec
peak memory: 0.13441999999999998 MB
[-6.91065717e-13  4.08927025e+01]
Total Time used: 5247.986081361771 sec
