/cluster/home/yhkuo/.conda/envs/compAstro/bin/python
N=20_m1=1e-05_m2=1e-05
(44.69655105096848+1.9555167381278167e-13j)
Progress: 0/30
Time used: 168.9217746257782 sec
peak memory: 0.135756 MB
(44.4465638666857-4.0895375787327116e-13j)
Progress: 1/30
Time used: 170.71969270706177 sec
peak memory: 0.135964 MB
(44.19658499587982+1.0001795951311242e-13j)
Progress: 2/30
Time used: 170.99580907821655 sec
peak memory: 0.136024 MB
(43.94661983149919-7.269629508461209e-15j)
Progress: 3/30
Time used: 166.73575139045715 sec
peak memory: 0.136024 MB
(43.69667726399374-4.1630858451631304e-15j)
Progress: 4/30
Time used: 164.8284571170807 sec
peak memory: 0.136024 MB
(43.44677194962919-4.1024725029730615e-14j)
Progress: 5/30
Time used: 167.68310618400574 sec
peak memory: 0.13611199999999998 MB
(43.19692804743385-3.031818641994647e-14j)
Progress: 6/30
Time used: 166.2581820487976 sec
peak memory: 0.13611199999999998 MB
(42.94718537560713-5.614957386076423e-15j)
Progress: 7/30
Time used: 170.19360375404358 sec
peak memory: 0.13611199999999998 MB
(42.69760954703283+8.192774690967763e-15j)
Progress: 8/30
Time used: 169.95581889152527 sec
peak memory: 0.13611199999999998 MB
(42.448308641660354+4.2757115238990194e-16j)
Progress: 9/30
Time used: 169.35900568962097 sec
peak memory: 0.13611199999999998 MB
(42.199460592553564-2.8670612938243e-15j)
Progress: 10/30
Time used: 169.75997877120972 sec
peak memory: 0.13611199999999998 MB
(41.95135807188424+1.4579497028981866e-15j)
Progress: 11/30
Time used: 169.0378053188324 sec
peak memory: 0.13611199999999998 MB
(41.704481821973694-4.1590474677052015e-16j)
Progress: 12/30
Time used: 171.62400102615356 sec
peak memory: 0.13611199999999998 MB
(41.45961994545885-6.172145720762539e-16j)
Progress: 13/30
Time used: 167.28369402885437 sec
peak memory: 0.13611199999999998 MB
(41.21806114826193+2.387473242802846e-16j)
Progress: 14/30
Time used: 170.74653959274292 sec
peak memory: 0.13611199999999998 MB
(40.981908071822254+5.681508388580977e-16j)
Progress: 15/30
Time used: 171.44506549835205 sec
peak memory: 0.13611199999999998 MB
(40.7545965524324-1.546981657518106e-16j)
Progress: 16/30
Time used: 171.18017268180847 sec
peak memory: 0.13611199999999998 MB
(40.54182856194918-2.2878575569953463e-16j)
Progress: 17/30
Time used: 168.84054708480835 sec
peak memory: 0.13611199999999998 MB
(40.353606308358685-2.0406151155343072e-16j)
Progress: 18/30
Time used: 167.94949197769165 sec
peak memory: 0.13611199999999998 MB
(40.21026228054525-2.501331549485859e-16j)
Progress: 19/30
Time used: 170.75427556037903 sec
peak memory: 0.13611199999999998 MB
(40.167667545956036+5.122499705753614e-16j)
Progress: 20/30
Time used: 167.9967818260193 sec
peak memory: 0.13611199999999998 MB
(40.350299433523396+4.559113761946767e-16j)
Progress: 21/30
Time used: 171.41878628730774 sec
peak memory: 0.13611199999999998 MB
(40.57911407025731+1.6879643762322572e-16j)
Progress: 22/30
Time used: 169.4248218536377 sec
peak memory: 0.13611199999999998 MB
(40.83178494169147+1.1675591030789582e-15j)
Progress: 23/30
Time used: 172.65651512145996 sec
peak memory: 0.13611199999999998 MB
(40.83554549688206-5.233078873637083e-15j)
Progress: 24/30
Time used: 168.66254830360413 sec
peak memory: 0.13611199999999998 MB
(39.71685228687639-6.034234815844307e-15j)
Progress: 25/30
Time used: 171.94426608085632 sec
peak memory: 0.13611199999999998 MB
(38.49542874877248+1.162046643994577e-14j)
Progress: 26/30
Time used: 166.31341886520386 sec
peak memory: 0.13611199999999998 MB
(38.2345741616224-1.273448312609115e-14j)
Progress: 27/30
Time used: 168.29041361808777 sec
peak memory: 0.13611199999999998 MB
(38.19684175702793+5.1424563801762507e-14j)
Progress: 28/30
Time used: 169.72978472709656 sec
peak memory: 0.13611199999999998 MB
(38.191663783332615-1.4537989632631565e-14j)
Progress: 29/30
Time used: 172.5770025253296 sec
peak memory: 0.13611199999999998 MB
/cluster/home/yhkuo/.conda/envs/compAstro/lib/python3.9/site-packages/numpy/lib/function_base.py:486: ComplexWarning: Casting complex values to real discards the imaginary part
  a = asarray(a, dtype=dtype, order=order)
/cluster/home/yhkuo/.conda/envs/compAstro/lib/python3.9/site-packages/matplotlib/collections.py:196: ComplexWarning: Casting complex values to real discards the imaginary part
  offsets = np.asanyarray(offsets, float)
/cluster/home/yhkuo/Computational-Astrophysics-2022/Final_project/Pseudo_Entropy/QMulti2D.py:305: UserWarning: Matplotlib is currently using agg, which is a non-GUI backend, so cannot show the figure.
  plt.show()
(38.19096034152109+1.1393287116053718e-13j)
Progress: 30/30
Time used: 172.09996032714844 sec
peak memory: 0.13611199999999998 MB
[-8.55758287e-13  4.15522366e+01]
Total Time used: 5255.393804550171 sec
